[ 2025-06-07 09:03:45,394 ] 1025 httpx - INFO - HTTP Request: GET https://dagshub.com/api/v1/user "HTTP/1.1 200 OK"
[ 2025-06-07 09:03:45,404 ] 107 dagshub - INFO - Accessing as akshat-0921
[ 2025-06-07 09:03:46,272 ] 1025 httpx - INFO - HTTP Request: GET https://dagshub.com/api/v1/repos/akshat-0921/security "HTTP/1.1 200 OK"
[ 2025-06-07 09:03:46,945 ] 1025 httpx - INFO - HTTP Request: GET https://dagshub.com/api/v1/user "HTTP/1.1 200 OK"
[ 2025-06-07 09:03:46,949 ] 107 dagshub - INFO - Initialized MLflow to track repo "akshat-0921/security"
[ 2025-06-07 09:03:46,951 ] 107 dagshub - INFO - Repository akshat-0921/security initialized!
[ 2025-06-07 09:03:46,951 ] 19 root - INFO - Initiate the data ingestion
[ 2025-06-07 09:03:55,160 ] 63 root - INFO - Performed train test split on the dataframe
[ 2025-06-07 09:03:55,160 ] 64 root - INFO - Exited split_data_as_train_test method of Data_Ingestion class
[ 2025-06-07 09:03:55,160 ] 70 root - INFO - Exporting train and test file path.
[ 2025-06-07 09:03:55,205 ] 77 root - INFO - Exported train and test file path.
[ 2025-06-07 09:03:55,205 ] 21 root - INFO - Data Initiation Completed
[ 2025-06-07 09:03:55,214 ] 25 root - INFO - Initiate the data Validation
[ 2025-06-07 09:03:55,303 ] 34 root - INFO - Required number of columns:2
[ 2025-06-07 09:03:55,303 ] 35 root - INFO - Data frame has columns:31
[ 2025-06-07 09:03:55,303 ] 34 root - INFO - Required number of columns:2
[ 2025-06-07 09:03:55,303 ] 35 root - INFO - Data frame has columns:31
[ 2025-06-07 09:03:55,446 ] 27 root - INFO - data Validation Completed
[ 2025-06-07 09:03:55,447 ] 30 root - INFO - data Transformation started
[ 2025-06-07 09:03:55,447 ] 64 root - INFO - Entered initiate_data_transformation method of DataTransformation class
[ 2025-06-07 09:03:55,447 ] 67 root - INFO - Starting data transformation
[ 2025-06-07 09:03:55,473 ] 49 root - INFO - Entered get_data_trnasformer_object method of Trnasformation class
[ 2025-06-07 09:03:55,473 ] 55 root - INFO - Initialise KNNImputer with {'missing_values': nan, 'n_neighbors': 3, 'weights': 'uniform'}
[ 2025-06-07 09:03:55,486 ] 41 root - INFO - Entered the save_object method of MainUtils class
[ 2025-06-07 09:03:55,489 ] 45 root - INFO - Exited the save_object method of MainUtils class
[ 2025-06-07 09:03:55,489 ] 41 root - INFO - Entered the save_object method of MainUtils class
[ 2025-06-07 09:03:55,492 ] 45 root - INFO - Exited the save_object method of MainUtils class
[ 2025-06-07 09:03:55,495 ] 34 root - INFO - data Transformation completed
[ 2025-06-07 09:03:55,495 ] 36 root - INFO - Model Training stared
[ 2025-06-07 09:08:41,248 ] 41 root - INFO - Entered the save_object method of MainUtils class
[ 2025-06-07 09:08:41,249 ] 45 root - INFO - Exited the save_object method of MainUtils class
[ 2025-06-07 09:08:41,249 ] 41 root - INFO - Entered the save_object method of MainUtils class
[ 2025-06-07 09:08:41,296 ] 45 root - INFO - Exited the save_object method of MainUtils class
[ 2025-06-07 09:08:41,296 ] 149 root - INFO - Model trainer artifact: ModelTrainerArtifact(trained_model_file_path='Artifacts\\06_07_2025_09_03_40\\model_trainer\\trained_model\\model.pkl', train_metric_artifact=ClassificationMetricArtifact(f1_score=0.9913573970513472, precision_score=0.9880421564653425, recall_score=0.9946949602122016), test_metric_artifact=ClassificationMetricArtifact(f1_score=0.9767074615080932, precision_score=0.9686765857478465, recall_score=0.9848726114649682))
[ 2025-06-07 09:08:41,300 ] 40 root - INFO - Model Training artifact created
