[ 2025-06-08 11:14:02,223 ] 1025 httpx - INFO - HTTP Request: GET https://dagshub.com/api/v1/user "HTTP/1.1 200 OK"
[ 2025-06-08 11:14:02,228 ] 107 dagshub - INFO - Accessing as akshat-0921
[ 2025-06-08 11:14:03,440 ] 1025 httpx - INFO - HTTP Request: GET https://dagshub.com/api/v1/repos/akshat-0921/security "HTTP/1.1 200 OK"
[ 2025-06-08 11:14:04,785 ] 1025 httpx - INFO - HTTP Request: GET https://dagshub.com/api/v1/user "HTTP/1.1 200 OK"
[ 2025-06-08 11:14:04,788 ] 107 dagshub - INFO - Initialized MLflow to track repo "akshat-0921/security"
[ 2025-06-08 11:14:04,789 ] 107 dagshub - INFO - Repository akshat-0921/security initialized!
[ 2025-06-08 11:14:14,557 ] 42 root - INFO - Start data Ingestion
[ 2025-06-08 11:14:22,489 ] 63 root - INFO - Performed train test split on the dataframe
[ 2025-06-08 11:14:22,489 ] 64 root - INFO - Exited split_data_as_train_test method of Data_Ingestion class
[ 2025-06-08 11:14:22,491 ] 70 root - INFO - Exporting train and test file path.
[ 2025-06-08 11:14:22,600 ] 77 root - INFO - Exported train and test file path.
[ 2025-06-08 11:14:22,601 ] 46 root - INFO - Data Ingestion completed and artifact: DataIngestionArtifact(trained_file_path='Artifacts\\06_08_2025_11_13_58\\data_ingestion\\ingested\\train.csv', test_file_path='Artifacts\\06_08_2025_11_13_58\\data_ingestion\\ingested\\test.csv')
[ 2025-06-08 11:14:22,611 ] 59 root - INFO - Initiate the data Validation
[ 2025-06-08 11:14:22,722 ] 34 root - INFO - Required number of columns:2
[ 2025-06-08 11:14:22,723 ] 35 root - INFO - Data frame has columns:31
[ 2025-06-08 11:14:22,723 ] 34 root - INFO - Required number of columns:2
[ 2025-06-08 11:14:22,723 ] 35 root - INFO - Data frame has columns:31
[ 2025-06-08 11:14:22,963 ] 64 root - INFO - Entered initiate_data_transformation method of DataTransformation class
[ 2025-06-08 11:14:22,964 ] 67 root - INFO - Starting data transformation
[ 2025-06-08 11:14:23,002 ] 49 root - INFO - Entered get_data_trnasformer_object method of Trnasformation class
[ 2025-06-08 11:14:23,002 ] 55 root - INFO - Initialise KNNImputer with {'missing_values': nan, 'n_neighbors': 3, 'weights': 'uniform'}
[ 2025-06-08 11:14:23,022 ] 41 root - INFO - Entered the save_object method of MainUtils class
[ 2025-06-08 11:14:23,026 ] 45 root - INFO - Exited the save_object method of MainUtils class
[ 2025-06-08 11:14:23,026 ] 41 root - INFO - Entered the save_object method of MainUtils class
[ 2025-06-08 11:14:23,031 ] 45 root - INFO - Exited the save_object method of MainUtils class
[ 2025-06-08 11:18:33,914 ] 41 root - INFO - Entered the save_object method of MainUtils class
[ 2025-06-08 11:18:33,914 ] 45 root - INFO - Exited the save_object method of MainUtils class
[ 2025-06-08 11:18:33,914 ] 41 root - INFO - Entered the save_object method of MainUtils class
[ 2025-06-08 11:18:33,938 ] 45 root - INFO - Exited the save_object method of MainUtils class
[ 2025-06-08 11:18:33,938 ] 149 root - INFO - Model trainer artifact: ModelTrainerArtifact(trained_model_file_path='Artifacts\\06_08_2025_11_13_58\\model_trainer\\trained_model\\model.pkl', train_metric_artifact=ClassificationMetricArtifact(f1_score=0.9909635495989441, precision_score=0.9894566098945661, recall_score=0.992475086434818), test_metric_artifact=ClassificationMetricArtifact(f1_score=0.9779735682819384, precision_score=0.9713603818615751, recall_score=0.9846774193548387))
