[ 2025-06-07 08:15:34,526 ] 1025 httpx - INFO - HTTP Request: GET https://dagshub.com/api/v1/user "HTTP/1.1 200 OK"
[ 2025-06-07 08:15:34,533 ] 107 dagshub - INFO - Accessing as akshat-0921
[ 2025-06-07 08:15:35,450 ] 1025 httpx - INFO - HTTP Request: GET https://dagshub.com/api/v1/repos/akshat-0921/security "HTTP/1.1 200 OK"
[ 2025-06-07 08:15:36,619 ] 1025 httpx - INFO - HTTP Request: GET https://dagshub.com/api/v1/user "HTTP/1.1 200 OK"
[ 2025-06-07 08:15:36,624 ] 107 dagshub - INFO - Initialized MLflow to track repo "akshat-0921/security"
[ 2025-06-07 08:15:36,625 ] 107 dagshub - INFO - Repository akshat-0921/security initialized!
[ 2025-06-07 08:23:45,930 ] 42 root - INFO - Start data Ingestion
[ 2025-06-07 08:23:55,427 ] 63 root - INFO - Performed train test split on the dataframe
[ 2025-06-07 08:23:55,427 ] 64 root - INFO - Exited split_data_as_train_test method of Data_Ingestion class
[ 2025-06-07 08:23:55,427 ] 70 root - INFO - Exporting train and test file path.
[ 2025-06-07 08:23:55,572 ] 77 root - INFO - Exported train and test file path.
[ 2025-06-07 08:23:55,574 ] 46 root - INFO - Data Ingestion completed and artifact: DataIngestionArtifact(trained_file_path='Artifacts\\06_07_2025_08_15_29\\data_ingestion\\ingested\\train.csv', test_file_path='Artifacts\\06_07_2025_08_15_29\\data_ingestion\\ingested\\test.csv')
[ 2025-06-07 08:23:55,605 ] 59 root - INFO - Initiate the data Validation
[ 2025-06-07 08:23:55,734 ] 34 root - INFO - Required number of columns:2
[ 2025-06-07 08:23:55,734 ] 35 root - INFO - Data frame has columns:31
[ 2025-06-07 08:23:55,735 ] 34 root - INFO - Required number of columns:2
[ 2025-06-07 08:23:55,735 ] 35 root - INFO - Data frame has columns:31
[ 2025-06-07 08:23:56,312 ] 64 root - INFO - Entered initiate_data_transformation method of DataTransformation class
[ 2025-06-07 08:23:56,312 ] 67 root - INFO - Starting data transformation
[ 2025-06-07 08:23:56,374 ] 49 root - INFO - Entered get_data_trnasformer_object method of Trnasformation class
[ 2025-06-07 08:23:56,379 ] 55 root - INFO - Initialise KNNImputer with {'missing_values': nan, 'n_neighbors': 3, 'weights': 'uniform'}
[ 2025-06-07 08:23:56,459 ] 41 root - INFO - Entered the save_object method of MainUtils class
[ 2025-06-07 08:23:56,469 ] 45 root - INFO - Exited the save_object method of MainUtils class
[ 2025-06-07 08:23:56,469 ] 41 root - INFO - Entered the save_object method of MainUtils class
[ 2025-06-07 08:23:56,473 ] 45 root - INFO - Exited the save_object method of MainUtils class
[ 2025-06-07 08:30:46,786 ] 41 root - INFO - Entered the save_object method of MainUtils class
[ 2025-06-07 08:30:46,787 ] 45 root - INFO - Exited the save_object method of MainUtils class
[ 2025-06-07 08:30:46,787 ] 41 root - INFO - Entered the save_object method of MainUtils class
[ 2025-06-07 08:30:46,884 ] 45 root - INFO - Exited the save_object method of MainUtils class
[ 2025-06-07 08:30:46,886 ] 149 root - INFO - Model trainer artifact: ModelTrainerArtifact(trained_model_file_path='Artifacts\\06_07_2025_08_15_29\\model_trainer\\trained_model\\model.pkl', train_metric_artifact=ClassificationMetricArtifact(f1_score=0.9910093992644053, precision_score=0.9895939604162416, recall_score=0.9924288929813792), test_metric_artifact=ClassificationMetricArtifact(f1_score=0.9769260852561595, precision_score=0.9704739704739704, recall_score=0.9834645669291339))
