[ 2025-06-08 11:19:20,149 ] 1025 httpx - INFO - HTTP Request: GET https://dagshub.com/api/v1/user "HTTP/1.1 200 OK"
[ 2025-06-08 11:19:20,153 ] 107 dagshub - INFO - Accessing as akshat-0921
[ 2025-06-08 11:19:21,260 ] 1025 httpx - INFO - HTTP Request: GET https://dagshub.com/api/v1/repos/akshat-0921/security "HTTP/1.1 200 OK"
[ 2025-06-08 11:19:22,381 ] 1025 httpx - INFO - HTTP Request: GET https://dagshub.com/api/v1/user "HTTP/1.1 200 OK"
[ 2025-06-08 11:19:22,383 ] 107 dagshub - INFO - Initialized MLflow to track repo "akshat-0921/security"
[ 2025-06-08 11:19:22,384 ] 107 dagshub - INFO - Repository akshat-0921/security initialized!
[ 2025-06-08 11:20:49,157 ] 42 root - INFO - Start data Ingestion
[ 2025-06-08 11:20:57,448 ] 63 root - INFO - Performed train test split on the dataframe
[ 2025-06-08 11:20:57,448 ] 64 root - INFO - Exited split_data_as_train_test method of Data_Ingestion class
[ 2025-06-08 11:20:57,450 ] 70 root - INFO - Exporting train and test file path.
[ 2025-06-08 11:20:57,494 ] 77 root - INFO - Exported train and test file path.
[ 2025-06-08 11:20:57,495 ] 46 root - INFO - Data Ingestion completed and artifact: DataIngestionArtifact(trained_file_path='Artifacts\\06_08_2025_11_19_16\\data_ingestion\\ingested\\train.csv', test_file_path='Artifacts\\06_08_2025_11_19_16\\data_ingestion\\ingested\\test.csv')
[ 2025-06-08 11:20:57,501 ] 59 root - INFO - Initiate the data Validation
[ 2025-06-08 11:20:57,575 ] 34 root - INFO - Required number of columns:2
[ 2025-06-08 11:20:57,576 ] 35 root - INFO - Data frame has columns:31
[ 2025-06-08 11:20:57,576 ] 34 root - INFO - Required number of columns:2
[ 2025-06-08 11:20:57,576 ] 35 root - INFO - Data frame has columns:31
[ 2025-06-08 11:20:57,724 ] 64 root - INFO - Entered initiate_data_transformation method of DataTransformation class
[ 2025-06-08 11:20:57,724 ] 67 root - INFO - Starting data transformation
[ 2025-06-08 11:20:57,744 ] 49 root - INFO - Entered get_data_trnasformer_object method of Trnasformation class
[ 2025-06-08 11:20:57,744 ] 55 root - INFO - Initialise KNNImputer with {'missing_values': nan, 'n_neighbors': 3, 'weights': 'uniform'}
[ 2025-06-08 11:20:57,755 ] 41 root - INFO - Entered the save_object method of MainUtils class
[ 2025-06-08 11:20:57,757 ] 45 root - INFO - Exited the save_object method of MainUtils class
[ 2025-06-08 11:20:57,757 ] 41 root - INFO - Entered the save_object method of MainUtils class
[ 2025-06-08 11:20:57,760 ] 45 root - INFO - Exited the save_object method of MainUtils class
[ 2025-06-08 11:25:44,448 ] 41 root - INFO - Entered the save_object method of MainUtils class
[ 2025-06-08 11:25:44,449 ] 45 root - INFO - Exited the save_object method of MainUtils class
[ 2025-06-08 11:25:44,449 ] 41 root - INFO - Entered the save_object method of MainUtils class
[ 2025-06-08 11:25:44,491 ] 45 root - INFO - Exited the save_object method of MainUtils class
[ 2025-06-08 11:25:44,491 ] 149 root - INFO - Model trainer artifact: ModelTrainerArtifact(trained_model_file_path='Artifacts\\06_08_2025_11_19_16\\model_trainer\\trained_model\\model.pkl', train_metric_artifact=ClassificationMetricArtifact(f1_score=0.9926650366748166, precision_score=0.9912512716174975, recall_score=0.9940828402366864), test_metric_artifact=ClassificationMetricArtifact(f1_score=0.974155069582505, precision_score=0.9729944400317713, recall_score=0.9753184713375797))
