[ 2025-06-07 07:43:25,029 ] 1025 httpx - INFO - HTTP Request: GET https://dagshub.com/api/v1/user "HTTP/1.1 200 OK"
[ 2025-06-07 07:43:25,040 ] 107 dagshub - INFO - Accessing as akshat-0921
[ 2025-06-07 07:43:26,933 ] 1025 httpx - INFO - HTTP Request: GET https://dagshub.com/api/v1/repos/akshat-0921/security "HTTP/1.1 200 OK"
[ 2025-06-07 07:43:28,163 ] 1025 httpx - INFO - HTTP Request: GET https://dagshub.com/api/v1/user "HTTP/1.1 200 OK"
[ 2025-06-07 07:43:28,168 ] 107 dagshub - INFO - Initialized MLflow to track repo "akshat-0921/security"
[ 2025-06-07 07:43:28,169 ] 107 dagshub - INFO - Repository akshat-0921/security initialized!
[ 2025-06-07 07:43:28,170 ] 19 root - INFO - Initiate the data ingestion
[ 2025-06-07 07:43:39,355 ] 63 root - INFO - Performed train test split on the dataframe
[ 2025-06-07 07:43:39,355 ] 64 root - INFO - Exited split_data_as_train_test method of Data_Ingestion class
[ 2025-06-07 07:43:39,356 ] 70 root - INFO - Exporting train and test file path.
[ 2025-06-07 07:43:39,411 ] 77 root - INFO - Exported train and test file path.
[ 2025-06-07 07:43:39,411 ] 21 root - INFO - Data Initiation Completed
[ 2025-06-07 07:43:39,423 ] 25 root - INFO - Initiate the data Validation
[ 2025-06-07 07:43:39,504 ] 34 root - INFO - Required number of columns:2
[ 2025-06-07 07:43:39,504 ] 35 root - INFO - Data frame has columns:31
[ 2025-06-07 07:43:39,504 ] 34 root - INFO - Required number of columns:2
[ 2025-06-07 07:43:39,504 ] 35 root - INFO - Data frame has columns:31
[ 2025-06-07 07:43:39,662 ] 27 root - INFO - data Validation Completed
[ 2025-06-07 07:43:39,663 ] 30 root - INFO - data Transformation started
[ 2025-06-07 07:43:39,663 ] 64 root - INFO - Entered initiate_data_transformation method of DataTransformation class
[ 2025-06-07 07:43:39,663 ] 67 root - INFO - Starting data transformation
[ 2025-06-07 07:43:39,693 ] 49 root - INFO - Entered get_data_trnasformer_object method of Trnasformation class
[ 2025-06-07 07:43:39,693 ] 55 root - INFO - Initialise KNNImputer with {'missing_values': nan, 'n_neighbors': 3, 'weights': 'uniform'}
[ 2025-06-07 07:43:39,708 ] 41 root - INFO - Entered the save_object method of MainUtils class
[ 2025-06-07 07:43:39,713 ] 45 root - INFO - Exited the save_object method of MainUtils class
[ 2025-06-07 07:43:39,713 ] 41 root - INFO - Entered the save_object method of MainUtils class
[ 2025-06-07 07:43:39,716 ] 45 root - INFO - Exited the save_object method of MainUtils class
[ 2025-06-07 07:43:39,718 ] 34 root - INFO - data Transformation completed
[ 2025-06-07 07:43:39,718 ] 36 root - INFO - Model Training stared
[ 2025-06-07 07:52:14,442 ] 41 root - INFO - Entered the save_object method of MainUtils class
[ 2025-06-07 07:52:14,446 ] 45 root - INFO - Exited the save_object method of MainUtils class
[ 2025-06-07 07:52:14,446 ] 41 root - INFO - Entered the save_object method of MainUtils class
[ 2025-06-07 07:52:14,450 ] 45 root - INFO - Exited the save_object method of MainUtils class
[ 2025-06-07 07:52:14,453 ] 149 root - INFO - Model trainer artifact: ModelTrainerArtifact(trained_model_file_path='Artifacts\\06_07_2025_07_43_17\\model_trainer\\trained_model\\model.pkl', train_metric_artifact=ClassificationMetricArtifact(f1_score=0.9914233204002451, precision_score=0.9920310584389048, recall_score=0.9908163265306122), test_metric_artifact=ClassificationMetricArtifact(f1_score=0.9719034428175702, precision_score=0.9669291338582677, recall_score=0.9769291964996022))
[ 2025-06-07 07:52:14,491 ] 40 root - INFO - Model Training artifact created
