[ 2025-06-08 10:46:52,915 ] 1025 httpx - INFO - HTTP Request: GET https://dagshub.com/api/v1/user "HTTP/1.1 200 OK"
[ 2025-06-08 10:46:52,923 ] 107 dagshub - INFO - Accessing as akshat-0921
[ 2025-06-08 10:46:53,989 ] 1025 httpx - INFO - HTTP Request: GET https://dagshub.com/api/v1/repos/akshat-0921/security "HTTP/1.1 200 OK"
[ 2025-06-08 10:46:55,924 ] 1025 httpx - INFO - HTTP Request: GET https://dagshub.com/api/v1/user "HTTP/1.1 200 OK"
[ 2025-06-08 10:46:55,928 ] 107 dagshub - INFO - Initialized MLflow to track repo "akshat-0921/security"
[ 2025-06-08 10:46:55,929 ] 107 dagshub - INFO - Repository akshat-0921/security initialized!
[ 2025-06-08 10:48:54,994 ] 42 root - INFO - Start data Ingestion
[ 2025-06-08 10:49:06,700 ] 63 root - INFO - Performed train test split on the dataframe
[ 2025-06-08 10:49:06,700 ] 64 root - INFO - Exited split_data_as_train_test method of Data_Ingestion class
[ 2025-06-08 10:49:06,702 ] 70 root - INFO - Exporting train and test file path.
[ 2025-06-08 10:49:06,787 ] 77 root - INFO - Exported train and test file path.
[ 2025-06-08 10:49:06,790 ] 46 root - INFO - Data Ingestion completed and artifact: DataIngestionArtifact(trained_file_path='Artifacts\\06_08_2025_10_46_45\\data_ingestion\\ingested\\train.csv', test_file_path='Artifacts\\06_08_2025_10_46_45\\data_ingestion\\ingested\\test.csv')
[ 2025-06-08 10:49:06,826 ] 59 root - INFO - Initiate the data Validation
[ 2025-06-08 10:49:06,949 ] 34 root - INFO - Required number of columns:2
[ 2025-06-08 10:49:06,949 ] 35 root - INFO - Data frame has columns:31
[ 2025-06-08 10:49:06,949 ] 34 root - INFO - Required number of columns:2
[ 2025-06-08 10:49:06,949 ] 35 root - INFO - Data frame has columns:31
[ 2025-06-08 10:49:07,260 ] 64 root - INFO - Entered initiate_data_transformation method of DataTransformation class
[ 2025-06-08 10:49:07,260 ] 67 root - INFO - Starting data transformation
[ 2025-06-08 10:49:07,316 ] 49 root - INFO - Entered get_data_trnasformer_object method of Trnasformation class
[ 2025-06-08 10:49:07,316 ] 55 root - INFO - Initialise KNNImputer with {'missing_values': nan, 'n_neighbors': 3, 'weights': 'uniform'}
[ 2025-06-08 10:49:07,349 ] 41 root - INFO - Entered the save_object method of MainUtils class
[ 2025-06-08 10:49:07,357 ] 45 root - INFO - Exited the save_object method of MainUtils class
[ 2025-06-08 10:49:07,357 ] 41 root - INFO - Entered the save_object method of MainUtils class
[ 2025-06-08 10:49:07,364 ] 45 root - INFO - Exited the save_object method of MainUtils class
[ 2025-06-08 10:54:34,448 ] 41 root - INFO - Entered the save_object method of MainUtils class
[ 2025-06-08 10:54:34,449 ] 45 root - INFO - Exited the save_object method of MainUtils class
[ 2025-06-08 10:54:34,449 ] 41 root - INFO - Entered the save_object method of MainUtils class
[ 2025-06-08 10:54:34,504 ] 45 root - INFO - Exited the save_object method of MainUtils class
[ 2025-06-08 10:54:34,504 ] 149 root - INFO - Model trainer artifact: ModelTrainerArtifact(trained_model_file_path='Artifacts\\06_08_2025_10_46_45\\model_trainer\\trained_model\\model.pkl', train_metric_artifact=ClassificationMetricArtifact(f1_score=0.991042345276873, precision_score=0.9900345739271914, recall_score=0.9920521703688608), test_metric_artifact=ClassificationMetricArtifact(f1_score=0.9752988047808765, precision_score=0.9714285714285714, recall_score=0.9792))
